<?xml version="1.0" encoding="UTF-8"?>
<!-- Generated by org.testng.reporters.JUnitReportReporter -->
<testsuite hostname="DESKTOP-N132HI4" failures="0" tests="1" name="propertiesFile.LoginMassageTest" time="39.422" errors="0" timestamp="2021-11-02T13:55:09 IST" skipped="0">
  <testcase classname="propertiesFile.LoginMassageTest" name="invalididpassword" time="39.422"/>
  <system-out/>
</testsuite> <!-- propertiesFile.LoginMassageTest -->
